<?xml version="1.0" encoding="UTF-8"?>
<!-- Generated by org.testng.reporters.JUnitReportReporter -->
<testsuite hostname="CHEN-PC" name="com.tz.online.order.service.TestOrderServiceImpl" tests="1" failures="0" timestamp="2 Jul 2017 14:33:56 GMT" time="2.312" errors="0">
  <testcase name="testQueryByPage" time="2.312" classname="com.tz.online.order.service.TestOrderServiceImpl"/>
</testsuite> <!-- com.tz.online.order.service.TestOrderServiceImpl -->
