<?xml version="1.0" encoding="UTF-8"?>
<!-- Generated by org.testng.reporters.JUnitReportReporter -->
<testsuite hostname="CHEN-PC" name="com.tz.online.book.service.TestBookServiceImpl" tests="1" failures="0" timestamp="28 Jun 2017 08:48:42 GMT" time="2.045" errors="0">
  <testcase name="testQuery" time="2.045" classname="com.tz.online.book.service.TestBookServiceImpl"/>
</testsuite> <!-- com.tz.online.book.service.TestBookServiceImpl -->
