<?xml version="1.0" encoding="UTF-8"?>
<!-- Generated by org.testng.reporters.JUnitReportReporter -->
<testsuite hostname="CHEN-PC" name="com.tz.online.user.dao.TestUserDaoImpl" tests="1" failures="0" timestamp="2 Jul 2017 09:07:19 GMT" time="2.341" errors="0">
  <testcase name="testAddAddr" time="2.341" classname="com.tz.online.user.dao.TestUserDaoImpl"/>
</testsuite> <!-- com.tz.online.user.dao.TestUserDaoImpl -->
