<?xml version="1.0" encoding="UTF-8"?>
<!-- Generated by org.testng.reporters.JUnitReportReporter -->
<testsuite hostname="CHEN-PC" name="com.tz.online.order.dao.TestOrderDaoImpl" tests="1" failures="0" timestamp="2 Jul 2017 14:49:35 GMT" time="2.230" errors="0">
  <testcase name="testRowCount" time="2.230" classname="com.tz.online.order.dao.TestOrderDaoImpl"/>
</testsuite> <!-- com.tz.online.order.dao.TestOrderDaoImpl -->
