<?xml version="1.0" encoding="UTF-8"?>
<!-- Generated by org.testng.reporters.JUnitReportReporter -->
<testsuite hostname="CHEN-PC" name="com.tz.online.book.dao.TestBookDaoImpl" tests="1" failures="0" timestamp="30 Jun 2017 15:06:49 GMT" time="2.440" errors="0">
  <testcase name="testGetByName" time="2.440" classname="com.tz.online.book.dao.TestBookDaoImpl"/>
</testsuite> <!-- com.tz.online.book.dao.TestBookDaoImpl -->
