<?xml version="1.0" encoding="UTF-8"?>
<!-- Generated by org.testng.reporters.JUnitReportReporter -->
<testsuite hostname="CHEN-PC" name="com.tz.online.user.service.TestUserServiceImpl" tests="1" failures="0" timestamp="28 Jun 2017 02:11:30 GMT" time="2.188" errors="0">
  <testcase name="testFindByName" time="2.188" classname="com.tz.online.user.service.TestUserServiceImpl"/>
</testsuite> <!-- com.tz.online.user.service.TestUserServiceImpl -->
